#
# There is insufficient memory for the Java Runtime Environment to continue.
# Native memory allocation (malloc) failed to allocate 38576 bytes for Chunk::new
# Possible reasons:
#   The system is out of physical RAM or swap space
#   The process is running with CompressedOops enabled, and the Java Heap may be blocking the growth of the native heap
# Possible solutions:
#   Reduce memory load on the system
#   Increase physical memory or swap space
#   Check if swap backing store is full
#   Decrease Java heap size (-Xmx/-Xms)
#   Decrease number of Java threads
#   Decrease Java thread stack sizes (-Xss)
#   Set larger code cache with -XX:ReservedCodeCacheSize=
#   JVM is running with Unscaled Compressed Oops mode in which the Java heap is
#     placed in the first 4GB address space. The Java Heap base address is the
#     maximum limit for the native heap growth. Please use -XX:HeapBaseMinAddress
#     to set the Java Heap base and to place the Java Heap above 4GB virtual address.
# This output file may be truncated or incomplete.
#
#  Out of Memory Error (arena.cpp:184), pid=6800, tid=10748
#
# JRE version: Java(TM) SE Runtime Environment (19.0+36) (build 19+36-2238)
# Java VM: Java HotSpot(TM) 64-Bit Server VM (19+36-2238, mixed mode, tiered, compressed oops, compressed class ptrs, g1 gc, windows-amd64)
# No core dump will be written. Minidumps are not enabled by default on client versions of Windows
#

---------------  S U M M A R Y ------------

Command Line: -Dmaven.multiModuleProjectDirectory=C:\Users\Darian A. Hiebl\Documents\MEGAsync\ARGENTINA PROGRAMA\Portfolio WEB\BackEnd\backend org.apache.maven.wrapper.MavenWrapperMain -Dmaven.ext.class.path=C:\Program Files\NetBeans-15\netbeans\java\maven-nblib\netbeans-eventspy.jar install

Host: Intel(R) Core(TM) i5-6200U CPU @ 2.30GHz, 4 cores, 7G,  Windows 10 , 64 bit Build 19041 (10.0.19041.2251)
Time: Fri Nov 25 08:59:08 2022 Hora estándar de Argentina elapsed time: 0.982791 seconds (0d 0h 0m 0s)

---------------  T H R E A D  ---------------

Current thread (0x000001d3041673e0):  JavaThread "C2 CompilerThread0" daemon [_thread_in_native, id=10748, stack(0x0000004717800000,0x0000004717900000)]


Current CompileTask:
C2:   1014   15       4       java.lang.StringLatin1::hashCode (42 bytes)

Stack: [0x0000004717800000,0x0000004717900000]
Native frames: (J=compiled Java code, j=interpreted, Vv=VM code, C=native code)
V  [jvm.dll+0x6ee8fa]
V  [jvm.dll+0x857a1e]
V  [jvm.dll+0x85940e]
V  [jvm.dll+0x859ac3]
V  [jvm.dll+0x28291f]
V  [jvm.dll+0xc9b5f]
V  [jvm.dll+0xc9ee5]
V  [jvm.dll+0x2f7c6f]
V  [jvm.dll+0x5f0c5b]
V  [jvm.dll+0x2551fc]
V  [jvm.dll+0x24e097]
V  [jvm.dll+0x24b563]
V  [jvm.dll+0x1d6d61]
V  [jvm.dll+0x25b0fa]
V  [jvm.dll+0x259588]
V  [jvm.dll+0x807928]
V  [jvm.dll+0x8015fa]
V  [jvm.dll+0x6ed5eb]
C  [ucrtbase.dll+0x21bb2]
C  [KERNEL32.DLL+0x174b4]
C  [ntdll.dll+0x526a1]


---------------  P R O C E S S  ---------------

Threads class SMR info:
_java_thread_list=0x000001d304171e30, length=10, elements={
0x000001d352a6e7d0, 0x000001d30415f430, 0x000001d304160100, 0x000001d304162be0,
0x000001d304163510, 0x000001d304163e40, 0x000001d304166780, 0x000001d3041673e0,
0x000001d304175eb0, 0x000001d3041f6e30
}

Java Threads: ( => current thread )
  0x000001d352a6e7d0 JavaThread "main" [_thread_in_vm, id=7132, stack(0x0000004716b00000,0x0000004716c00000)]
  0x000001d30415f430 JavaThread "Reference Handler" daemon [_thread_blocked, id=4532, stack(0x0000004717200000,0x0000004717300000)]
  0x000001d304160100 JavaThread "Finalizer" daemon [_thread_blocked, id=7948, stack(0x0000004717300000,0x0000004717400000)]
  0x000001d304162be0 JavaThread "Signal Dispatcher" daemon [_thread_blocked, id=9268, stack(0x0000004717400000,0x0000004717500000)]
  0x000001d304163510 JavaThread "Attach Listener" daemon [_thread_blocked, id=9304, stack(0x0000004717500000,0x0000004717600000)]
  0x000001d304163e40 JavaThread "Service Thread" daemon [_thread_blocked, id=3568, stack(0x0000004717600000,0x0000004717700000)]
  0x000001d304166780 JavaThread "Monitor Deflation Thread" daemon [_thread_blocked, id=5080, stack(0x0000004717700000,0x0000004717800000)]
=>0x000001d3041673e0 JavaThread "C2 CompilerThread0" daemon [_thread_in_native, id=10748, stack(0x0000004717800000,0x0000004717900000)]
  0x000001d304175eb0 JavaThread "C1 CompilerThread0" daemon [_thread_in_native, id=10464, stack(0x0000004717900000,0x0000004717a00000)]
  0x000001d3041f6e30 JavaThread "Sweeper thread" daemon [_thread_blocked, id=9860, stack(0x0000004717a00000,0x0000004717b00000)]

Other Threads:
  0x000001d372a430e0 VMThread "VM Thread" [stack: 0x0000004717100000,0x0000004717200000] [id=12232]
  0x000001d352bdaf10 WorkerThread "GC Thread#0" [stack: 0x0000004716c00000,0x0000004716d00000] [id=10796]
  0x000001d352bebbf0 ConcurrentGCThread "G1 Main Marker" [stack: 0x0000004716d00000,0x0000004716e00000] [id=10844]
  0x000001d352bec620 WorkerThread "G1 Conc#0" [stack: 0x0000004716e00000,0x0000004716f00000] [id=444]
  0x000001d3728f10b0 ConcurrentGCThread "G1 Refine#0" [stack: 0x0000004716f00000,0x0000004717000000] [id=4336]
  0x000001d3728f2c40 ConcurrentGCThread "G1 Service" [stack: 0x0000004717000000,0x0000004717100000] [id=6624]

Threads with active compile tasks:
C2 CompilerThread0     1392   15       4       java.lang.StringLatin1::hashCode (42 bytes)
C1 CompilerThread0     1392   40   !   3       java.util.concurrent.ConcurrentHashMap::putVal (432 bytes)

VM state: not at safepoint (normal execution)

VM Mutex/Monitor currently owned by a thread:  ([mutex/lock_event])
[0x000001d352b79670] Metaspace_lock - owner thread: 0x000001d352a6e7d0

Heap address: 0x0000000081400000, size: 2028 MB, Compressed Oops mode: 32-bit

CDS archive(s) not mapped
Compressed class space mapped at: 0x0000000100000000-0x0000000140000000, reserved size: 1073741824
Narrow klass base: 0x0000000000000000, Narrow klass shift: 3, Narrow klass range: 0x140000000

GC Precious Log:
 CardTable entry size: 512
 Card Set container configuration: InlinePtr #cards 5 size 8 Array Of Cards #cards 12 size 40 Howl #buckets 4 coarsen threshold 1843 Howl Bitmap #cards 512 size 80 coarsen threshold 460 Card regions per heap region 1 cards per card region 2048
 CPUs: 4 total, 4 available
 Memory: 8109M
 Large Page Support: Disabled
 NUMA Support: Disabled
 Compressed Oops: Enabled (32-bit)
 Heap Region Size: 1M
 Heap Min Capacity: 8M
 Heap Initial Capacity: 128M
 Heap Max Capacity: 2028M
 Pre-touch: Disabled
 Parallel Workers: 4
 Concurrent Workers: 1
 Concurrent Refinement Workers: 4
 Periodic GC: Disabled

Heap:
 garbage-first heap   total 131072K, used 1024K [0x0000000081400000, 0x0000000100000000)
  region size 1024K, 2 young (2048K), 0 survivors (0K)
 Metaspace       used 3801K, committed 3840K, reserved 1114112K
  class space    used 284K, committed 320K, reserved 1048576K

Heap Regions: E=young(eden), S=young(survivor), O=old, HS=humongous(starts), HC=humongous(continues), CS=collection set, F=free, OA=open archive, CA=closed archive, TAMS=top-at-mark-start (previous, next)
|   0|0x0000000081400000, 0x0000000081400000, 0x0000000081500000|  0%| F|  |TAMS 0x0000000081400000, 0x0000000081400000| Untracked 
|   1|0x0000000081500000, 0x0000000081500000, 0x0000000081600000|  0%| F|  |TAMS 0x0000000081500000, 0x0000000081500000| Untracked 
|   2|0x0000000081600000, 0x0000000081600000, 0x0000000081700000|  0%| F|  |TAMS 0x0000000081600000, 0x0000000081600000| Untracked 
|   3|0x0000000081700000, 0x0000000081700000, 0x0000000081800000|  0%| F|  |TAMS 0x0000000081700000, 0x0000000081700000| Untracked 
|   4|0x0000000081800000, 0x0000000081800000, 0x0000000081900000|  0%| F|  |TAMS 0x0000000081800000, 0x0000000081800000| Untracked 
|   5|0x0000000081900000, 0x0000000081900000, 0x0000000081a00000|  0%| F|  |TAMS 0x0000000081900000, 0x0000000081900000| Untracked 
|   6|0x0000000081a00000, 0x0000000081a00000, 0x0000000081b00000|  0%| F|  |TAMS 0x0000000081a00000, 0x0000000081a00000| Untracked 
|   7|0x0000000081b00000, 0x0000000081b00000, 0x0000000081c00000|  0%| F|  |TAMS 0x0000000081b00000, 0x0000000081b00000| Untracked 
|   8|0x0000000081c00000, 0x0000000081c00000, 0x0000000081d00000|  0%| F|  |TAMS 0x0000000081c00000, 0x0000000081c00000| Untracked 
|   9|0x0000000081d00000, 0x0000000081d00000, 0x0000000081e00000|  0%| F|  |TAMS 0x0000000081d00000, 0x0000000081d00000| Untracked 
|  10|0x0000000081e00000, 0x0000000081e00000, 0x0000000081f00000|  0%| F|  |TAMS 0x0000000081e00000, 0x0000000081e00000| Untracked 
|  11|0x0000000081f00000, 0x0000000081f00000, 0x0000000082000000|  0%| F|  |TAMS 0x0000000081f00000, 0x0000000081f00000| Untracked 
|  12|0x0000000082000000, 0x0000000082000000, 0x0000000082100000|  0%| F|  |TAMS 0x0000000082000000, 0x0000000082000000| Untracked 
|  13|0x0000000082100000, 0x0000000082100000, 0x0000000082200000|  0%| F|  |TAMS 0x0000000082100000, 0x0000000082100000| Untracked 
|  14|0x0000000082200000, 0x0000000082200000, 0x0000000082300000|  0%| F|  |TAMS 0x0000000082200000, 0x0000000082200000| Untracked 
|  15|0x0000000082300000, 0x0000000082300000, 0x0000000082400000|  0%| F|  |TAMS 0x0000000082300000, 0x0000000082300000| Untracked 
|  16|0x0000000082400000, 0x0000000082400000, 0x0000000082500000|  0%| F|  |TAMS 0x0000000082400000, 0x0000000082400000| Untracked 
|  17|0x0000000082500000, 0x0000000082500000, 0x0000000082600000|  0%| F|  |TAMS 0x0000000082500000, 0x0000000082500000| Untracked 
|  18|0x0000000082600000, 0x0000000082600000, 0x0000000082700000|  0%| F|  |TAMS 0x0000000082600000, 0x0000000082600000| Untracked 
|  19|0x0000000082700000, 0x0000000082700000, 0x0000000082800000|  0%| F|  |TAMS 0x0000000082700000, 0x0000000082700000| Untracked 
|  20|0x0000000082800000, 0x0000000082800000, 0x0000000082900000|  0%| F|  |TAMS 0x0000000082800000, 0x0000000082800000| Untracked 
|  21|0x0000000082900000, 0x0000000082900000, 0x0000000082a00000|  0%| F|  |TAMS 0x0000000082900000, 0x0000000082900000| Untracked 
|  22|0x0000000082a00000, 0x0000000082a00000, 0x0000000082b00000|  0%| F|  |TAMS 0x0000000082a00000, 0x0000000082a00000| Untracked 
|  23|0x0000000082b00000, 0x0000000082b00000, 0x0000000082c00000|  0%| F|  |TAMS 0x0000000082b00000, 0x0000000082b00000| Untracked 
|  24|0x0000000082c00000, 0x0000000082c00000, 0x0000000082d00000|  0%| F|  |TAMS 0x0000000082c00000, 0x0000000082c00000| Untracked 
|  25|0x0000000082d00000, 0x0000000082d00000, 0x0000000082e00000|  0%| F|  |TAMS 0x0000000082d00000, 0x0000000082d00000| Untracked 
|  26|0x0000000082e00000, 0x0000000082e00000, 0x0000000082f00000|  0%| F|  |TAMS 0x0000000082e00000, 0x0000000082e00000| Untracked 
|  27|0x0000000082f00000, 0x0000000082f00000, 0x0000000083000000|  0%| F|  |TAMS 0x0000000082f00000, 0x0000000082f00000| Untracked 
|  28|0x0000000083000000, 0x0000000083000000, 0x0000000083100000|  0%| F|  |TAMS 0x0000000083000000, 0x0000000083000000| Untracked 
|  29|0x0000000083100000, 0x0000000083100000, 0x0000000083200000|  0%| F|  |TAMS 0x0000000083100000, 0x0000000083100000| Untracked 
|  30|0x0000000083200000, 0x0000000083200000, 0x0000000083300000|  0%| F|  |TAMS 0x0000000083200000, 0x0000000083200000| Untracked 
|  31|0x0000000083300000, 0x0000000083300000, 0x0000000083400000|  0%| F|  |TAMS 0x0000000083300000, 0x0000000083300000| Untracked 
|  32|0x0000000083400000, 0x0000000083400000, 0x0000000083500000|  0%| F|  |TAMS 0x0000000083400000, 0x0000000083400000| Untracked 
|  33|0x0000000083500000, 0x0000000083500000, 0x0000000083600000|  0%| F|  |TAMS 0x0000000083500000, 0x0000000083500000| Untracked 
|  34|0x0000000083600000, 0x0000000083600000, 0x0000000083700000|  0%| F|  |TAMS 0x0000000083600000, 0x0000000083600000| Untracked 
|  35|0x0000000083700000, 0x0000000083700000, 0x0000000083800000|  0%| F|  |TAMS 0x0000000083700000, 0x0000000083700000| Untracked 
|  36|0x0000000083800000, 0x0000000083800000, 0x0000000083900000|  0%| F|  |TAMS 0x0000000083800000, 0x0000000083800000| Untracked 
|  37|0x0000000083900000, 0x0000000083900000, 0x0000000083a00000|  0%| F|  |TAMS 0x0000000083900000, 0x0000000083900000| Untracked 
|  38|0x0000000083a00000, 0x0000000083a00000, 0x0000000083b00000|  0%| F|  |TAMS 0x0000000083a00000, 0x0000000083a00000| Untracked 
|  39|0x0000000083b00000, 0x0000000083b00000, 0x0000000083c00000|  0%| F|  |TAMS 0x0000000083b00000, 0x0000000083b00000| Untracked 
|  40|0x0000000083c00000, 0x0000000083c00000, 0x0000000083d00000|  0%| F|  |TAMS 0x0000000083c00000, 0x0000000083c00000| Untracked 
|  41|0x0000000083d00000, 0x0000000083d00000, 0x0000000083e00000|  0%| F|  |TAMS 0x0000000083d00000, 0x0000000083d00000| Untracked 
|  42|0x0000000083e00000, 0x0000000083e00000, 0x0000000083f00000|  0%| F|  |TAMS 0x0000000083e00000, 0x0000000083e00000| Untracked 
|  43|0x0000000083f00000, 0x0000000083f00000, 0x0000000084000000|  0%| F|  |TAMS 0x0000000083f00000, 0x0000000083f00000| Untracked 
|  44|0x0000000084000000, 0x0000000084000000, 0x0000000084100000|  0%| F|  |TAMS 0x0000000084000000, 0x0000000084000000| Untracked 
|  45|0x0000000084100000, 0x0000000084100000, 0x0000000084200000|  0%| F|  |TAMS 0x0000000084100000, 0x0000000084100000| Untracked 
|  46|0x0000000084200000, 0x0000000084200000, 0x0000000084300000|  0%| F|  |TAMS 0x0000000084200000, 0x0000000084200000| Untracked 
|  47|0x0000000084300000, 0x0000000084300000, 0x0000000084400000|  0%| F|  |TAMS 0x0000000084300000, 0x0000000084300000| Untracked 
|  48|0x0000000084400000, 0x0000000084400000, 0x0000000084500000|  0%| F|  |TAMS 0x0000000084400000, 0x0000000084400000| Untracked 
|  49|0x0000000084500000, 0x0000000084500000, 0x0000000084600000|  0%| F|  |TAMS 0x0000000084500000, 0x0000000084500000| Untracked 
|  50|0x0000000084600000, 0x0000000084600000, 0x0000000084700000|  0%| F|  |TAMS 0x0000000084600000, 0x0000000084600000| Untracked 
|  51|0x0000000084700000, 0x0000000084700000, 0x0000000084800000|  0%| F|  |TAMS 0x0000000084700000, 0x0000000084700000| Untracked 
|  52|0x0000000084800000, 0x0000000084800000, 0x0000000084900000|  0%| F|  |TAMS 0x0000000084800000, 0x0000000084800000| Untracked 
|  53|0x0000000084900000, 0x0000000084900000, 0x0000000084a00000|  0%| F|  |TAMS 0x0000000084900000, 0x0000000084900000| Untracked 
|  54|0x0000000084a00000, 0x0000000084a00000, 0x0000000084b00000|  0%| F|  |TAMS 0x0000000084a00000, 0x0000000084a00000| Untracked 
|  55|0x0000000084b00000, 0x0000000084b00000, 0x0000000084c00000|  0%| F|  |TAMS 0x0000000084b00000, 0x0000000084b00000| Untracked 
|  56|0x0000000084c00000, 0x0000000084c00000, 0x0000000084d00000|  0%| F|  |TAMS 0x0000000084c00000, 0x0000000084c00000| Untracked 
|  57|0x0000000084d00000, 0x0000000084d00000, 0x0000000084e00000|  0%| F|  |TAMS 0x0000000084d00000, 0x0000000084d00000| Untracked 
|  58|0x0000000084e00000, 0x0000000084e00000, 0x0000000084f00000|  0%| F|  |TAMS 0x0000000084e00000, 0x0000000084e00000| Untracked 
|  59|0x0000000084f00000, 0x0000000084f00000, 0x0000000085000000|  0%| F|  |TAMS 0x0000000084f00000, 0x0000000084f00000| Untracked 
|  60|0x0000000085000000, 0x0000000085000000, 0x0000000085100000|  0%| F|  |TAMS 0x0000000085000000, 0x0000000085000000| Untracked 
|  61|0x0000000085100000, 0x0000000085100000, 0x0000000085200000|  0%| F|  |TAMS 0x0000000085100000, 0x0000000085100000| Untracked 
|  62|0x0000000085200000, 0x0000000085200000, 0x0000000085300000|  0%| F|  |TAMS 0x0000000085200000, 0x0000000085200000| Untracked 
|  63|0x0000000085300000, 0x0000000085300000, 0x0000000085400000|  0%| F|  |TAMS 0x0000000085300000, 0x0000000085300000| Untracked 
|  64|0x0000000085400000, 0x0000000085400000, 0x0000000085500000|  0%| F|  |TAMS 0x0000000085400000, 0x0000000085400000| Untracked 
|  65|0x0000000085500000, 0x0000000085500000, 0x0000000085600000|  0%| F|  |TAMS 0x0000000085500000, 0x0000000085500000| Untracked 
|  66|0x0000000085600000, 0x0000000085600000, 0x0000000085700000|  0%| F|  |TAMS 0x0000000085600000, 0x0000000085600000| Untracked 
|  67|0x0000000085700000, 0x0000000085700000, 0x0000000085800000|  0%| F|  |TAMS 0x0000000085700000, 0x0000000085700000| Untracked 
|  68|0x0000000085800000, 0x0000000085800000, 0x0000000085900000|  0%| F|  |TAMS 0x0000000085800000, 0x0000000085800000| Untracked 
|  69|0x0000000085900000, 0x0000000085900000, 0x0000000085a00000|  0%| F|  |TAMS 0x0000000085900000, 0x0000000085900000| Untracked 
|  70|0x0000000085a00000, 0x0000000085a00000, 0x0000000085b00000|  0%| F|  |TAMS 0x0000000085a00000, 0x0000000085a00000| Untracked 
|  71|0x0000000085b00000, 0x0000000085b00000, 0x0000000085c00000|  0%| F|  |TAMS 0x0000000085b00000, 0x0000000085b00000| Untracked 
|  72|0x0000000085c00000, 0x0000000085c00000, 0x0000000085d00000|  0%| F|  |TAMS 0x0000000085c00000, 0x0000000085c00000| Untracked 
|  73|0x0000000085d00000, 0x0000000085d00000, 0x0000000085e00000|  0%| F|  |TAMS 0x0000000085d00000, 0x0000000085d00000| Untracked 
|  74|0x0000000085e00000, 0x0000000085e00000, 0x0000000085f00000|  0%| F|  |TAMS 0x0000000085e00000, 0x0000000085e00000| Untracked 
|  75|0x0000000085f00000, 0x0000000085f00000, 0x0000000086000000|  0%| F|  |TAMS 0x0000000085f00000, 0x0000000085f00000| Untracked 
|  76|0x0000000086000000, 0x0000000086000000, 0x0000000086100000|  0%| F|  |TAMS 0x0000000086000000, 0x0000000086000000| Untracked 
|  77|0x0000000086100000, 0x0000000086100000, 0x0000000086200000|  0%| F|  |TAMS 0x0000000086100000, 0x0000000086100000| Untracked 
|  78|0x0000000086200000, 0x0000000086200000, 0x0000000086300000|  0%| F|  |TAMS 0x0000000086200000, 0x0000000086200000| Untracked 
|  79|0x0000000086300000, 0x0000000086300000, 0x0000000086400000|  0%| F|  |TAMS 0x0000000086300000, 0x0000000086300000| Untracked 
|  80|0x0000000086400000, 0x0000000086400000, 0x0000000086500000|  0%| F|  |TAMS 0x0000000086400000, 0x0000000086400000| Untracked 
|  81|0x0000000086500000, 0x0000000086500000, 0x0000000086600000|  0%| F|  |TAMS 0x0000000086500000, 0x0000000086500000| Untracked 
|  82|0x0000000086600000, 0x0000000086600000, 0x0000000086700000|  0%| F|  |TAMS 0x0000000086600000, 0x0000000086600000| Untracked 
|  83|0x0000000086700000, 0x0000000086700000, 0x0000000086800000|  0%| F|  |TAMS 0x0000000086700000, 0x0000000086700000| Untracked 
|  84|0x0000000086800000, 0x0000000086800000, 0x0000000086900000|  0%| F|  |TAMS 0x0000000086800000, 0x0000000086800000| Untracked 
|  85|0x0000000086900000, 0x0000000086900000, 0x0000000086a00000|  0%| F|  |TAMS 0x0000000086900000, 0x0000000086900000| Untracked 
|  86|0x0000000086a00000, 0x0000000086a00000, 0x0000000086b00000|  0%| F|  |TAMS 0x0000000086a00000, 0x0000000086a00000| Untracked 
|  87|0x0000000086b00000, 0x0000000086b00000, 0x0000000086c00000|  0%| F|  |TAMS 0x0000000086b00000, 0x0000000086b00000| Untracked 
|  88|0x0000000086c00000, 0x0000000086c00000, 0x0000000086d00000|  0%| F|  |TAMS 0x0000000086c00000, 0x0000000086c00000| Untracked 
|  89|0x0000000086d00000, 0x0000000086d00000, 0x0000000086e00000|  0%| F|  |TAMS 0x0000000086d00000, 0x0000000086d00000| Untracked 
|  90|0x0000000086e00000, 0x0000000086e00000, 0x0000000086f00000|  0%| F|  |TAMS 0x0000000086e00000, 0x0000000086e00000| Untracked 
|  91|0x0000000086f00000, 0x0000000086f00000, 0x0000000087000000|  0%| F|  |TAMS 0x0000000086f00000, 0x0000000086f00000| Untracked 
|  92|0x0000000087000000, 0x0000000087000000, 0x0000000087100000|  0%| F|  |TAMS 0x0000000087000000, 0x0000000087000000| Untracked 
|  93|0x0000000087100000, 0x0000000087100000, 0x0000000087200000|  0%| F|  |TAMS 0x0000000087100000, 0x0000000087100000| Untracked 
|  94|0x0000000087200000, 0x0000000087200000, 0x0000000087300000|  0%| F|  |TAMS 0x0000000087200000, 0x0000000087200000| Untracked 
|  95|0x0000000087300000, 0x0000000087300000, 0x0000000087400000|  0%| F|  |TAMS 0x0000000087300000, 0x0000000087300000| Untracked 
|  96|0x0000000087400000, 0x0000000087400000, 0x0000000087500000|  0%| F|  |TAMS 0x0000000087400000, 0x0000000087400000| Untracked 
|  97|0x0000000087500000, 0x0000000087500000, 0x0000000087600000|  0%| F|  |TAMS 0x0000000087500000, 0x0000000087500000| Untracked 
|  98|0x0000000087600000, 0x0000000087600000, 0x0000000087700000|  0%| F|  |TAMS 0x0000000087600000, 0x0000000087600000| Untracked 
|  99|0x0000000087700000, 0x0000000087700000, 0x0000000087800000|  0%| F|  |TAMS 0x0000000087700000, 0x0000000087700000| Untracked 
| 100|0x0000000087800000, 0x0000000087800000, 0x0000000087900000|  0%| F|  |TAMS 0x0000000087800000, 0x0000000087800000| Untracked 
| 101|0x0000000087900000, 0x0000000087900000, 0x0000000087a00000|  0%| F|  |TAMS 0x0000000087900000, 0x0000000087900000| Untracked 
| 102|0x0000000087a00000, 0x0000000087a00000, 0x0000000087b00000|  0%| F|  |TAMS 0x0000000087a00000, 0x0000000087a00000| Untracked 
| 103|0x0000000087b00000, 0x0000000087b00000, 0x0000000087c00000|  0%| F|  |TAMS 0x0000000087b00000, 0x0000000087b00000| Untracked 
| 104|0x0000000087c00000, 0x0000000087c00000, 0x0000000087d00000|  0%| F|  |TAMS 0x0000000087c00000, 0x0000000087c00000| Untracked 
| 105|0x0000000087d00000, 0x0000000087d00000, 0x0000000087e00000|  0%| F|  |TAMS 0x0000000087d00000, 0x0000000087d00000| Untracked 
| 106|0x0000000087e00000, 0x0000000087e00000, 0x0000000087f00000|  0%| F|  |TAMS 0x0000000087e00000, 0x0000000087e00000| Untracked 
| 107|0x0000000087f00000, 0x0000000087f00000, 0x0000000088000000|  0%| F|  |TAMS 0x0000000087f00000, 0x0000000087f00000| Untracked 
| 108|0x0000000088000000, 0x0000000088000000, 0x0000000088100000|  0%| F|  |TAMS 0x0000000088000000, 0x0000000088000000| Untracked 
| 109|0x0000000088100000, 0x0000000088100000, 0x0000000088200000|  0%| F|  |TAMS 0x0000000088100000, 0x0000000088100000| Untracked 
| 110|0x0000000088200000, 0x0000000088200000, 0x0000000088300000|  0%| F|  |TAMS 0x0000000088200000, 0x0000000088200000| Untracked 
| 111|0x0000000088300000, 0x0000000088300000, 0x0000000088400000|  0%| F|  |TAMS 0x0000000088300000, 0x0000000088300000| Untracked 
| 112|0x0000000088400000, 0x0000000088400000, 0x0000000088500000|  0%| F|  |TAMS 0x0000000088400000, 0x0000000088400000| Untracked 
| 113|0x0000000088500000, 0x0000000088500000, 0x0000000088600000|  0%| F|  |TAMS 0x0000000088500000, 0x0000000088500000| Untracked 
| 114|0x0000000088600000, 0x0000000088600000, 0x0000000088700000|  0%| F|  |TAMS 0x0000000088600000, 0x0000000088600000| Untracked 
| 115|0x0000000088700000, 0x0000000088700000, 0x0000000088800000|  0%| F|  |TAMS 0x0000000088700000, 0x0000000088700000| Untracked 
| 116|0x0000000088800000, 0x0000000088800000, 0x0000000088900000|  0%| F|  |TAMS 0x0000000088800000, 0x0000000088800000| Untracked 
| 117|0x0000000088900000, 0x0000000088900000, 0x0000000088a00000|  0%| F|  |TAMS 0x0000000088900000, 0x0000000088900000| Untracked 
| 118|0x0000000088a00000, 0x0000000088a00000, 0x0000000088b00000|  0%| F|  |TAMS 0x0000000088a00000, 0x0000000088a00000| Untracked 
| 119|0x0000000088b00000, 0x0000000088b00000, 0x0000000088c00000|  0%| F|  |TAMS 0x0000000088b00000, 0x0000000088b00000| Untracked 
| 120|0x0000000088c00000, 0x0000000088c00000, 0x0000000088d00000|  0%| F|  |TAMS 0x0000000088c00000, 0x0000000088c00000| Untracked 
| 121|0x0000000088d00000, 0x0000000088d00000, 0x0000000088e00000|  0%| F|  |TAMS 0x0000000088d00000, 0x0000000088d00000| Untracked 
| 122|0x0000000088e00000, 0x0000000088e00000, 0x0000000088f00000|  0%| F|  |TAMS 0x0000000088e00000, 0x0000000088e00000| Untracked 
| 123|0x0000000088f00000, 0x0000000088f00000, 0x0000000089000000|  0%| F|  |TAMS 0x0000000088f00000, 0x0000000088f00000| Untracked 
| 124|0x0000000089000000, 0x0000000089000000, 0x0000000089100000|  0%| F|  |TAMS 0x0000000089000000, 0x0000000089000000| Untracked 
| 125|0x0000000089100000, 0x0000000089100000, 0x0000000089200000|  0%| F|  |TAMS 0x0000000089100000, 0x0000000089100000| Untracked 
| 126|0x0000000089200000, 0x0000000089243120, 0x0000000089300000| 26%| E|  |TAMS 0x0000000089200000, 0x0000000089200000| Complete 
| 127|0x0000000089300000, 0x0000000089400000, 0x0000000089400000|100%| E|CS|TAMS 0x0000000089300000, 0x0000000089300000| Complete 

Card table byte_map: [0x000001d36bce0000,0x000001d36c0e0000] _byte_map_base: 0x000001d36b8d6000

Marking Bits (Prev, Next): (CMBitMap*) 0x000001d352bdb540, (CMBitMap*) 0x000001d352bdb580
 Prev Bits: [0x000001d36c4e0000, 0x000001d36e490000)
 Next Bits: [0x000001d36e490000, 0x000001d370440000)

Polling page: 0x000001d352c50000

Metaspace:

Usage:
  Non-class:      3.43 MB used.
      Class:    284.45 KB used.
       Both:      3.71 MB used.

Virtual space:
  Non-class space:       64.00 MB reserved,       3.44 MB (  5%) committed,  1 nodes.
      Class space:        1.00 GB reserved,     320.00 KB ( <1%) committed,  1 nodes.
             Both:        1.06 GB reserved,       3.75 MB ( <1%) committed. 

Chunk freelists:
   Non-Class:  0 bytes
       Class:  3.62 MB
        Both:  3.62 MB

MaxMetaspaceSize: unlimited
CompressedClassSpaceSize: 1.00 GB
Initial GC threshold: 21.00 MB
Current GC threshold: 21.00 MB
CDS: off
MetaspaceReclaimPolicy: balanced
 - commit_granule_bytes: 65536.
 - commit_granule_words: 8192.
 - virtual_space_node_default_size: 8388608.
 - enlarge_chunks_in_place: 1.
 - new_chunks_are_fully_committed: 0.
 - uncommit_free_chunks: 1.
 - use_allocation_guard: 0.


Internal statistics:

num_allocs_failed_limit: 0.
num_arena_births: 2.
num_arena_deaths: 0.
num_vsnodes_births: 2.
num_vsnodes_deaths: 0.
num_space_committed: 60.
num_space_uncommitted: 0.
num_chunks_returned_to_freelist: 0.
num_chunks_taken_from_freelist: 4.
num_chunk_merges: 0.
num_chunk_splits: 1.
num_chunks_enlarged: 0.
num_inconsistent_stats: 0.

CodeHeap 'non-profiled nmethods': size=120000Kb used=6Kb max_used=6Kb free=119993Kb
 bounds [0x000001d363d80000, 0x000001d363ff0000, 0x000001d36b2b0000]
CodeHeap 'profiled nmethods': size=120000Kb used=45Kb max_used=45Kb free=119955Kb
 bounds [0x000001d35c2b0000, 0x000001d35c520000, 0x000001d3637e0000]
CodeHeap 'non-nmethods': size=5760Kb used=1120Kb max_used=1120Kb free=4639Kb
 bounds [0x000001d3637e0000, 0x000001d363a50000, 0x000001d363d80000]
 total_blobs=329 nmethods=38 adapters=202
 compilation: enabled
              stopped_count=0, restarted_count=0
 full_count=0

Compilation events (20 events):
Event: 0.956 Thread 0x000001d304175eb0 nmethod 5 0x000001d35c2b1a10 code [0x000001d35c2b1be0, 0x000001d35c2b1f58]
Event: 0.957 Thread 0x000001d304175eb0    7       3       java.lang.Math::floorMod (20 bytes)
Event: 0.957 Thread 0x000001d304175eb0 nmethod 7 0x000001d35c2b2010 code [0x000001d35c2b21c0, 0x000001d35c2b2378]
Event: 0.957 Thread 0x000001d304175eb0    8       3       java.util.ImmutableCollections$SetN::probe (56 bytes)
Event: 0.958 Thread 0x000001d304175eb0 nmethod 8 0x000001d35c2b2410 code [0x000001d35c2b2600, 0x000001d35c2b2b38]
Event: 0.960 Thread 0x000001d304175eb0    9       3       java.lang.String::equals (56 bytes)
Event: 0.960 Thread 0x000001d304175eb0 nmethod 9 0x000001d35c2b2d90 code [0x000001d35c2b2f60, 0x000001d35c2b33c8]
Event: 0.960 Thread 0x000001d304175eb0   10       3       java.lang.StringLatin1::equals (36 bytes)
Event: 0.960 Thread 0x000001d304175eb0 nmethod 10 0x000001d35c2b3490 code [0x000001d35c2b3640, 0x000001d35c2b38d8]
Event: 0.962 Thread 0x000001d304175eb0   11       3       java.util.Set::of (4 bytes)
Event: 0.962 Thread 0x000001d304175eb0 nmethod 11 0x000001d35c2b3a10 code [0x000001d35c2b3ba0, 0x000001d35c2b3c98]
Event: 0.962 Thread 0x000001d304175eb0   13       3       java.lang.module.ModuleDescriptor::modsHashCode (46 bytes)
Event: 0.962 Thread 0x000001d3041673e0   15       4       java.lang.StringLatin1::hashCode (42 bytes)
Event: 0.962 Thread 0x000001d304175eb0 nmethod 13 0x000001d35c2b3d10 code [0x000001d35c2b3f20, 0x000001d35c2b4518]
Event: 0.963 Thread 0x000001d304175eb0   12       3       java.lang.module.ModuleDescriptor$Exports::<init> (20 bytes)
Event: 0.963 Thread 0x000001d304175eb0 nmethod 12 0x000001d35c2b4710 code [0x000001d35c2b48c0, 0x000001d35c2b4b38]
Event: 0.963 Thread 0x000001d304175eb0   14       3       java.util.ImmutableCollections$SetN::iterator (9 bytes)
Event: 0.963 Thread 0x000001d304175eb0 nmethod 14 0x000001d35c2b4c10 code [0x000001d35c2b4dc0, 0x000001d35c2b4f68]
Event: 0.963 Thread 0x000001d304175eb0   17       3       java.util.AbstractCollection::<init> (5 bytes)
Event: 0.963 Thread 0x000001d304175eb0 nmethod 17 0x000001d35c2b5010 code [0x000001d35c2b51c0, 0x000001d35c2b5318]

GC Heap History (0 events):
No events

Dll operation events (2 events):
Event: 0.335 Loaded shared library C:\Program Files\Java\jdk-19\bin\java.dll
Event: 0.789 Loaded shared library C:\Program Files\Java\jdk-19\bin\jsvml.dll

Deoptimization events (0 events):
No events

Classes loaded (20 events):
Event: 0.953 Loading class java/lang/module/ModuleDescriptor$Requires
Event: 0.954 Loading class java/lang/module/ModuleDescriptor$Requires done
Event: 0.954 Loading class java/lang/module/ModuleDescriptor$Exports
Event: 0.955 Loading class java/lang/module/ModuleDescriptor$Exports done
Event: 0.956 Loading class java/util/ImmutableCollections$SetN$SetNIterator
Event: 0.956 Loading class java/util/ImmutableCollections$SetN$SetNIterator done
Event: 0.956 Loading class java/lang/module/ModuleDescriptor$Opens
Event: 0.957 Loading class java/lang/module/ModuleDescriptor$Opens done
Event: 0.957 Loading class java/lang/module/ModuleDescriptor$Provides
Event: 0.957 Loading class java/lang/module/ModuleDescriptor$Provides done
Event: 0.957 Loading class java/util/ImmutableCollections$List12
Event: 0.957 Loading class java/util/ImmutableCollections$List12 done
Event: 0.957 Loading class java/lang/module/ModuleDescriptor$Version
Event: 0.958 Loading class java/lang/module/ModuleDescriptor$Version done
Event: 0.958 Loading class java/lang/module/ModuleDescriptor$Modifier
Event: 0.958 Loading class java/lang/module/ModuleDescriptor$Modifier done
Event: 0.958 Loading class java/lang/module/ModuleDescriptor$Requires$Modifier
Event: 0.959 Loading class java/lang/module/ModuleDescriptor$Requires$Modifier done
Event: 0.960 Loading class java/util/ImmutableCollections$Set12$1
Event: 0.960 Loading class java/util/ImmutableCollections$Set12$1 done

Classes unloaded (0 events):
No events

Classes redefined (0 events):
No events

Internal exceptions (0 events):
No events

VM Operations (0 events):
No events

Events (10 events):
Event: 0.789 Thread 0x000001d352a6e7d0 Thread added: 0x000001d352a6e7d0
Event: 0.880 Thread 0x000001d30415f430 Thread added: 0x000001d30415f430
Event: 0.880 Thread 0x000001d304160100 Thread added: 0x000001d304160100
Event: 0.884 Thread 0x000001d304162be0 Thread added: 0x000001d304162be0
Event: 0.884 Thread 0x000001d304163510 Thread added: 0x000001d304163510
Event: 0.884 Thread 0x000001d304163e40 Thread added: 0x000001d304163e40
Event: 0.884 Thread 0x000001d304166780 Thread added: 0x000001d304166780
Event: 0.884 Thread 0x000001d3041673e0 Thread added: 0x000001d3041673e0
Event: 0.892 Thread 0x000001d304175eb0 Thread added: 0x000001d304175eb0
Event: 0.912 Thread 0x000001d3041f6e30 Thread added: 0x000001d3041f6e30


Dynamic libraries:
0x00007ff761940000 - 0x00007ff761950000 	C:\Program Files\Java\jdk-19\bin\java.exe
0x00007ff893f70000 - 0x00007ff894168000 	C:\WINDOWS\SYSTEM32\ntdll.dll
0x00007ff893590000 - 0x00007ff89364f000 	C:\WINDOWS\System32\KERNEL32.DLL
0x00007ff891670000 - 0x00007ff891942000 	C:\WINDOWS\System32\KERNELBASE.dll
0x00007ff891da0000 - 0x00007ff891ea0000 	C:\WINDOWS\System32\ucrtbase.dll
0x00007ff878fb0000 - 0x00007ff878fc8000 	C:\Program Files\Java\jdk-19\bin\jli.dll
0x00007ff881e10000 - 0x00007ff881e2b000 	C:\Program Files\Java\jdk-19\bin\VCRUNTIME140.dll
0x00007ff892720000 - 0x00007ff8927ce000 	C:\WINDOWS\System32\ADVAPI32.dll
0x00007ff8933d0000 - 0x00007ff89346e000 	C:\WINDOWS\System32\msvcrt.dll
0x00007ff8927d0000 - 0x00007ff89286c000 	C:\WINDOWS\System32\sechost.dll
0x00007ff893e00000 - 0x00007ff893f25000 	C:\WINDOWS\System32\RPCRT4.dll
0x00007ff892080000 - 0x00007ff89221d000 	C:\WINDOWS\System32\USER32.dll
0x00007ff891ef0000 - 0x00007ff891f12000 	C:\WINDOWS\System32\win32u.dll
0x00007ff892300000 - 0x00007ff89232b000 	C:\WINDOWS\System32\GDI32.dll
0x00007ff891950000 - 0x00007ff891a5f000 	C:\WINDOWS\System32\gdi32full.dll
0x00007ff891f20000 - 0x00007ff891fbd000 	C:\WINDOWS\System32\msvcp_win.dll
0x00007ff87c310000 - 0x00007ff87c5aa000 	C:\WINDOWS\WinSxS\amd64_microsoft.windows.common-controls_6595b64144ccf1df_6.0.19041.1110_none_60b5254171f9507e\COMCTL32.dll
0x00007ff88c580000 - 0x00007ff88c58a000 	C:\WINDOWS\SYSTEM32\VERSION.dll
0x00007ff893470000 - 0x00007ff8934a2000 	C:\WINDOWS\System32\IMM32.DLL
0x00007ff8885a0000 - 0x00007ff8885ac000 	C:\Program Files\Java\jdk-19\bin\vcruntime140_1.dll
0x00007ff878d50000 - 0x00007ff878dde000 	C:\Program Files\Java\jdk-19\bin\msvcp140.dll
0x00007ff85ddf0000 - 0x00007ff85eab0000 	C:\Program Files\Java\jdk-19\bin\server\jvm.dll
0x00007ff882860000 - 0x00007ff882869000 	C:\WINDOWS\SYSTEM32\WSOCK32.dll
0x00007ff882400000 - 0x00007ff882427000 	C:\WINDOWS\SYSTEM32\WINMM.dll
0x00007ff893c00000 - 0x00007ff893c6b000 	C:\WINDOWS\System32\WS2_32.dll
0x00007ff88f530000 - 0x00007ff88f542000 	C:\WINDOWS\SYSTEM32\kernel.appcore.dll
0x00007ff882020000 - 0x00007ff88202a000 	C:\Program Files\Java\jdk-19\bin\jimage.dll
0x00007ff88ad30000 - 0x00007ff88af14000 	C:\WINDOWS\SYSTEM32\DBGHELP.DLL
0x00007ff88a3e0000 - 0x00007ff88a40c000 	C:\WINDOWS\SYSTEM32\dbgcore.DLL
0x00007ff891a60000 - 0x00007ff891ae2000 	C:\WINDOWS\System32\bcryptPrimitives.dll
0x00007ff881b60000 - 0x00007ff881b86000 	C:\Program Files\Java\jdk-19\bin\java.dll
0x00007ff86f5e0000 - 0x00007ff86f6b7000 	C:\Program Files\Java\jdk-19\bin\jsvml.dll
0x00007ff8929b0000 - 0x00007ff8930f3000 	C:\WINDOWS\System32\SHELL32.dll
0x00007ff88f730000 - 0x00007ff88fec2000 	C:\WINDOWS\SYSTEM32\windows.storage.dll
0x00007ff8923c0000 - 0x00007ff892714000 	C:\WINDOWS\System32\combase.dll
0x00007ff890ff0000 - 0x00007ff891020000 	C:\WINDOWS\SYSTEM32\Wldp.dll
0x00007ff893ad0000 - 0x00007ff893b7d000 	C:\WINDOWS\System32\SHCORE.dll
0x00007ff893d20000 - 0x00007ff893d75000 	C:\WINDOWS\System32\shlwapi.dll
0x00007ff8915b0000 - 0x00007ff8915cf000 	C:\WINDOWS\SYSTEM32\profapi.dll

dbghelp: loaded successfully - version: 4.0.5 - missing functions: none
symbol engine: initialized successfully - sym options: 0x614 - pdb path: .;C:\Program Files\Java\jdk-19\bin;C:\WINDOWS\SYSTEM32;C:\WINDOWS\WinSxS\amd64_microsoft.windows.common-controls_6595b64144ccf1df_6.0.19041.1110_none_60b5254171f9507e;C:\Program Files\Java\jdk-19\bin\server

VM Arguments:
jvm_args: -Dmaven.multiModuleProjectDirectory=C:\Users\Darian A. Hiebl\Documents\MEGAsync\ARGENTINA PROGRAMA\Portfolio WEB\BackEnd\backend 
java_command: org.apache.maven.wrapper.MavenWrapperMain -Dmaven.ext.class.path=C:\Program Files\NetBeans-15\netbeans\java\maven-nblib\netbeans-eventspy.jar install
java_class_path (initial): C:\Users\Darian A. Hiebl\Documents\MEGAsync\ARGENTINA PROGRAMA\Portfolio WEB\BackEnd\backend\.mvn\wrapper\maven-wrapper.jar
Launcher Type: SUN_STANDARD

[Global flags]
     intx CICompilerCount                          = 3                                         {product} {ergonomic}
     uint ConcGCThreads                            = 1                                         {product} {ergonomic}
     uint G1ConcRefinementThreads                  = 4                                         {product} {ergonomic}
   size_t G1HeapRegionSize                         = 1048576                                   {product} {ergonomic}
    uintx GCDrainStackTargetSize                   = 64                                        {product} {ergonomic}
   size_t InitialHeapSize                          = 134217728                                 {product} {ergonomic}
   size_t MarkStackSize                            = 4194304                                   {product} {ergonomic}
   size_t MaxHeapSize                              = 2126512128                                {product} {ergonomic}
   size_t MaxNewSize                               = 1275068416                                {product} {ergonomic}
   size_t MinHeapDeltaBytes                        = 1048576                                   {product} {ergonomic}
   size_t MinHeapSize                              = 8388608                                   {product} {ergonomic}
    uintx NonNMethodCodeHeapSize                   = 5832780                                {pd product} {ergonomic}
    uintx NonProfiledCodeHeapSize                  = 122912730                              {pd product} {ergonomic}
    uintx ProfiledCodeHeapSize                     = 122912730                              {pd product} {ergonomic}
    uintx ReservedCodeCacheSize                    = 251658240                              {pd product} {ergonomic}
     bool SegmentedCodeCache                       = true                                      {product} {ergonomic}
   size_t SoftMaxHeapSize                          = 2126512128                             {manageable} {ergonomic}
     bool UseCompressedClassPointers               = true                           {product lp64_product} {ergonomic}
     bool UseCompressedOops                        = true                           {product lp64_product} {ergonomic}
     bool UseG1GC                                  = true                                      {product} {ergonomic}
     bool UseLargePagesIndividualAllocation        = false                                  {pd product} {ergonomic}

Logging:
Log output configuration:
 #0: stdout all=warning uptime,level,tags foldmultilines=false
 #1: stderr all=off uptime,level,tags foldmultilines=false

Environment Variables:
JAVA_HOME=C:\Program Files\Java\jdk-19
PATH=C:\Program Files\Common Files\Oracle\Java\javapath;C:\Program Files (x86)\Common Files\Oracle\Java\javapath;C:\WINDOWS\system32;C:\WINDOWS;C:\WINDOWS\System32\Wbem;C:\WINDOWS\System32\WindowsPowerShell\v1.0\;C:\WINDOWS\System32\OpenSSH\;c:\Program Files (x86)\Microsoft SQL Server\100\Tools\Binn\;c:\Program Files\Microsoft SQL Server\100\Tools\Binn\;c:\Program Files\Microsoft SQL Server\100\DTS\Binn\;C:\Program Files\Git\cmd;C:\Program Files\Microsoft VS Code\bin;C:\Program Files\nodejs\;C:\Users\Darian A. Hiebl\AppData\Local\Microsoft\WindowsApps;C:\Program Files (x86)\Brackets\;C:\Users\Darian A. Hiebl\AppData\Roaming\npm
USERNAME=Darian A. Hiebl
OS=Windows_NT
PROCESSOR_IDENTIFIER=Intel64 Family 6 Model 78 Stepping 3, GenuineIntel
TMP=C:\Users\DARIAN~1.HIE\AppData\Local\Temp
TEMP=C:\Users\DARIAN~1.HIE\AppData\Local\Temp



---------------  S Y S T E M  ---------------

OS:
 Windows 10 , 64 bit Build 19041 (10.0.19041.2251)
OS uptime: 2 days 14:23 hours

CPU: total 4 (initial active 4) (2 cores per cpu, 2 threads per core) family 6 model 78 stepping 3 microcode 0xcc, cx8, cmov, fxsr, ht, mmx, 3dnowpref, sse, sse2, sse3, ssse3, sse4.1, sse4.2, popcnt, lzcnt, tsc, tscinvbit, avx, avx2, aes, erms, clmul, bmi1, bmi2, adx, fma, vzeroupper, clflush, clflushopt, rdtscp

Memory: 4k page, system-wide physical 8109M (541M free)
TotalPageFile size 8109M (AvailPageFile size 1M)
current process WorkingSet (physical memory assigned to process): 25M, peak: 25M
current process commit charge ("private bytes"): 193M, peak: 197M

vm_info: Java HotSpot(TM) 64-Bit Server VM (19+36-2238) for windows-amd64 JRE (19+36-2238), built on 2022-08-12T20:29:01Z by "mach5one" with MS VC++ 17.1 (VS2022)

END.
